<?xml version="1.0" encoding="UTF-8"?>
<testsuite xmlns:xsi="http://www.w3.org/2001/XMLSchema-instance" xsi:noNamespaceSchemaLocation="https://maven.apache.org/surefire/maven-surefire-plugin/xsd/surefire-test-report-3.0.xsd" version="3.0" name="TestRunner" time="25.329" tests="3" errors="1" skipped="0" failures="1">
  <properties>
    <property name="java.specification.version" value="17"/>
    <property name="sun.cpu.isalist" value="amd64"/>
    <property name="sun.jnu.encoding" value="Cp1252"/>
    <property name="java.class.path" value="C:\Users\Dell\IdeaProjects\cucumber_test_automation_framework\target\test-classes;C:\Users\Dell\IdeaProjects\cucumber_test_automation_framework\target\classes;C:\Users\Dell\.m2\repository\org\seleniumhq\selenium\selenium-java\4.12.1\selenium-java-4.12.1.jar;C:\Users\Dell\.m2\repository\org\seleniumhq\selenium\selenium-api\4.12.1\selenium-api-4.12.1.jar;C:\Users\Dell\.m2\repository\org\seleniumhq\selenium\selenium-chrome-driver\4.12.1\selenium-chrome-driver-4.12.1.jar;C:\Users\Dell\.m2\repository\com\google\auto\service\auto-service-annotations\1.1.1\auto-service-annotations-1.1.1.jar;C:\Users\Dell\.m2\repository\com\google\guava\guava\32.1.2-jre\guava-32.1.2-jre.jar;C:\Users\Dell\.m2\repository\com\google\guava\failureaccess\1.0.1\failureaccess-1.0.1.jar;C:\Users\Dell\.m2\repository\com\google\guava\listenablefuture\9999.0-empty-to-avoid-conflict-with-guava\listenablefuture-9999.0-empty-to-avoid-conflict-with-guava.jar;C:\Users\Dell\.m2\repository\com\google\code\findbugs\jsr305\3.0.2\jsr305-3.0.2.jar;C:\Users\Dell\.m2\repository\org\checkerframework\checker-qual\3.33.0\checker-qual-3.33.0.jar;C:\Users\Dell\.m2\repository\com\google\errorprone\error_prone_annotations\2.18.0\error_prone_annotations-2.18.0.jar;C:\Users\Dell\.m2\repository\com\google\j2objc\j2objc-annotations\2.8\j2objc-annotations-2.8.jar;C:\Users\Dell\.m2\repository\org\seleniumhq\selenium\selenium-chromium-driver\4.12.1\selenium-chromium-driver-4.12.1.jar;C:\Users\Dell\.m2\repository\org\seleniumhq\selenium\selenium-json\4.12.1\selenium-json-4.12.1.jar;C:\Users\Dell\.m2\repository\org\seleniumhq\selenium\selenium-manager\4.12.1\selenium-manager-4.12.1.jar;C:\Users\Dell\.m2\repository\org\seleniumhq\selenium\selenium-devtools-v114\4.12.1\selenium-devtools-v114-4.12.1.jar;C:\Users\Dell\.m2\repository\org\seleniumhq\selenium\selenium-devtools-v115\4.12.1\selenium-devtools-v115-4.12.1.jar;C:\Users\Dell\.m2\repository\org\seleniumhq\selenium\selenium-devtools-v116\4.12.1\selenium-devtools-v116-4.12.1.jar;C:\Users\Dell\.m2\repository\org\seleniumhq\selenium\selenium-devtools-v85\4.12.1\selenium-devtools-v85-4.12.1.jar;C:\Users\Dell\.m2\repository\org\seleniumhq\selenium\selenium-edge-driver\4.12.1\selenium-edge-driver-4.12.1.jar;C:\Users\Dell\.m2\repository\org\seleniumhq\selenium\selenium-firefox-driver\4.12.1\selenium-firefox-driver-4.12.1.jar;C:\Users\Dell\.m2\repository\org\seleniumhq\selenium\selenium-http\4.12.1\selenium-http-4.12.1.jar;C:\Users\Dell\.m2\repository\dev\failsafe\failsafe\3.3.2\failsafe-3.3.2.jar;C:\Users\Dell\.m2\repository\org\seleniumhq\selenium\selenium-ie-driver\4.12.1\selenium-ie-driver-4.12.1.jar;C:\Users\Dell\.m2\repository\org\seleniumhq\selenium\selenium-remote-driver\4.12.1\selenium-remote-driver-4.12.1.jar;C:\Users\Dell\.m2\repository\io\netty\netty-buffer\4.1.96.Final\netty-buffer-4.1.96.Final.jar;C:\Users\Dell\.m2\repository\io\netty\netty-codec-http\4.1.96.Final\netty-codec-http-4.1.96.Final.jar;C:\Users\Dell\.m2\repository\io\netty\netty-codec\4.1.96.Final\netty-codec-4.1.96.Final.jar;C:\Users\Dell\.m2\repository\io\netty\netty-handler\4.1.96.Final\netty-handler-4.1.96.Final.jar;C:\Users\Dell\.m2\repository\io\netty\netty-common\4.1.96.Final\netty-common-4.1.96.Final.jar;C:\Users\Dell\.m2\repository\io\netty\netty-transport-classes-epoll\4.1.96.Final\netty-transport-classes-epoll-4.1.96.Final.jar;C:\Users\Dell\.m2\repository\io\netty\netty-transport-classes-kqueue\4.1.96.Final\netty-transport-classes-kqueue-4.1.96.Final.jar;C:\Users\Dell\.m2\repository\io\netty\netty-transport-native-epoll\4.1.96.Final\netty-transport-native-epoll-4.1.96.Final.jar;C:\Users\Dell\.m2\repository\io\netty\netty-transport-native-kqueue\4.1.96.Final\netty-transport-native-kqueue-4.1.96.Final.jar;C:\Users\Dell\.m2\repository\io\netty\netty-transport-native-unix-common\4.1.96.Final\netty-transport-native-unix-common-4.1.96.Final.jar;C:\Users\Dell\.m2\repository\io\netty\netty-transport\4.1.96.Final\netty-transport-4.1.96.Final.jar;C:\Users\Dell\.m2\repository\io\netty\netty-resolver\4.1.96.Final\netty-resolver-4.1.96.Final.jar;C:\Users\Dell\.m2\repository\io\opentelemetry\opentelemetry-api\1.28.0\opentelemetry-api-1.28.0.jar;C:\Users\Dell\.m2\repository\io\opentelemetry\opentelemetry-context\1.28.0\opentelemetry-context-1.28.0.jar;C:\Users\Dell\.m2\repository\io\opentelemetry\opentelemetry-exporter-logging\1.28.0\opentelemetry-exporter-logging-1.28.0.jar;C:\Users\Dell\.m2\repository\io\opentelemetry\opentelemetry-sdk-metrics\1.28.0\opentelemetry-sdk-metrics-1.28.0.jar;C:\Users\Dell\.m2\repository\io\opentelemetry\opentelemetry-extension-incubator\1.28.0-alpha\opentelemetry-extension-incubator-1.28.0-alpha.jar;C:\Users\Dell\.m2\repository\io\opentelemetry\opentelemetry-sdk-logs\1.28.0\opentelemetry-sdk-logs-1.28.0.jar;C:\Users\Dell\.m2\repository\io\opentelemetry\opentelemetry-sdk-common\1.28.0\opentelemetry-sdk-common-1.28.0.jar;C:\Users\Dell\.m2\repository\io\opentelemetry\opentelemetry-sdk-extension-autoconfigure-spi\1.28.0\opentelemetry-sdk-extension-autoconfigure-spi-1.28.0.jar;C:\Users\Dell\.m2\repository\io\opentelemetry\opentelemetry-sdk-extension-autoconfigure\1.28.0\opentelemetry-sdk-extension-autoconfigure-1.28.0.jar;C:\Users\Dell\.m2\repository\io\opentelemetry\opentelemetry-api-events\1.28.0-alpha\opentelemetry-api-events-1.28.0-alpha.jar;C:\Users\Dell\.m2\repository\io\opentelemetry\opentelemetry-sdk-trace\1.28.0\opentelemetry-sdk-trace-1.28.0.jar;C:\Users\Dell\.m2\repository\io\opentelemetry\opentelemetry-sdk\1.28.0\opentelemetry-sdk-1.28.0.jar;C:\Users\Dell\.m2\repository\io\opentelemetry\opentelemetry-semconv\1.28.0-alpha\opentelemetry-semconv-1.28.0-alpha.jar;C:\Users\Dell\.m2\repository\net\bytebuddy\byte-buddy\1.14.5\byte-buddy-1.14.5.jar;C:\Users\Dell\.m2\repository\org\asynchttpclient\async-http-client\2.12.3\async-http-client-2.12.3.jar;C:\Users\Dell\.m2\repository\org\asynchttpclient\async-http-client-netty-utils\2.12.3\async-http-client-netty-utils-2.12.3.jar;C:\Users\Dell\.m2\repository\io\netty\netty-codec-socks\4.1.60.Final\netty-codec-socks-4.1.60.Final.jar;C:\Users\Dell\.m2\repository\io\netty\netty-handler-proxy\4.1.60.Final\netty-handler-proxy-4.1.60.Final.jar;C:\Users\Dell\.m2\repository\io\netty\netty-transport-native-epoll\4.1.60.Final\netty-transport-native-epoll-4.1.60.Final-linux-x86_64.jar;C:\Users\Dell\.m2\repository\io\netty\netty-transport-native-kqueue\4.1.60.Final\netty-transport-native-kqueue-4.1.60.Final-osx-x86_64.jar;C:\Users\Dell\.m2\repository\org\reactivestreams\reactive-streams\1.0.3\reactive-streams-1.0.3.jar;C:\Users\Dell\.m2\repository\com\typesafe\netty\netty-reactive-streams\2.0.4\netty-reactive-streams-2.0.4.jar;C:\Users\Dell\.m2\repository\org\slf4j\slf4j-api\1.7.30\slf4j-api-1.7.30.jar;C:\Users\Dell\.m2\repository\com\sun\activation\jakarta.activation\1.2.2\jakarta.activation-1.2.2.jar;C:\Users\Dell\.m2\repository\org\seleniumhq\selenium\selenium-os\4.12.1\selenium-os-4.12.1.jar;C:\Users\Dell\.m2\repository\org\apache\commons\commons-exec\1.3\commons-exec-1.3.jar;C:\Users\Dell\.m2\repository\org\seleniumhq\selenium\selenium-safari-driver\4.12.1\selenium-safari-driver-4.12.1.jar;C:\Users\Dell\.m2\repository\org\seleniumhq\selenium\selenium-support\4.12.1\selenium-support-4.12.1.jar;C:\Users\Dell\.m2\repository\io\cucumber\cucumber-java\7.18.1\cucumber-java-7.18.1.jar;C:\Users\Dell\.m2\repository\io\cucumber\cucumber-core\7.18.1\cucumber-core-7.18.1.jar;C:\Users\Dell\.m2\repository\io\cucumber\cucumber-gherkin\7.18.1\cucumber-gherkin-7.18.1.jar;C:\Users\Dell\.m2\repository\io\cucumber\cucumber-gherkin-messages\7.18.1\cucumber-gherkin-messages-7.18.1.jar;C:\Users\Dell\.m2\repository\io\cucumber\gherkin\28.0.0\gherkin-28.0.0.jar;C:\Users\Dell\.m2\repository\io\cucumber\messages\24.1.0\messages-24.1.0.jar;C:\Users\Dell\.m2\repository\io\cucumber\testng-xml-formatter\0.2.0\testng-xml-formatter-0.2.0.jar;C:\Users\Dell\.m2\repository\io\cucumber\query\12.2.0\query-12.2.0.jar;C:\Users\Dell\.m2\repository\io\cucumber\tag-expressions\6.1.0\tag-expressions-6.1.0.jar;C:\Users\Dell\.m2\repository\io\cucumber\cucumber-expressions\17.1.0\cucumber-expressions-17.1.0.jar;C:\Users\Dell\.m2\repository\io\cucumber\datatable\7.18.1\datatable-7.18.1.jar;C:\Users\Dell\.m2\repository\io\cucumber\cucumber-plugin\7.18.1\cucumber-plugin-7.18.1.jar;C:\Users\Dell\.m2\repository\io\cucumber\docstring\7.18.1\docstring-7.18.1.jar;C:\Users\Dell\.m2\repository\io\cucumber\html-formatter\21.4.1\html-formatter-21.4.1.jar;C:\Users\Dell\.m2\repository\io\cucumber\junit-xml-formatter\0.5.0\junit-xml-formatter-0.5.0.jar;C:\Users\Dell\.m2\repository\io\cucumber\ci-environment\10.0.1\ci-environment-10.0.1.jar;C:\Users\Dell\.m2\repository\org\apiguardian\apiguardian-api\1.1.2\apiguardian-api-1.1.2.jar;C:\Users\Dell\.m2\repository\io\cucumber\cucumber-picocontainer\7.18.1\cucumber-picocontainer-7.18.1.jar;C:\Users\Dell\.m2\repository\org\picocontainer\picocontainer\2.15\picocontainer-2.15.jar;C:\Users\Dell\.m2\repository\io\cucumber\cucumber-junit\7.18.1\cucumber-junit-7.18.1.jar;C:\Users\Dell\.m2\repository\junit\junit\4.13.2\junit-4.13.2.jar;C:\Users\Dell\.m2\repository\org\hamcrest\hamcrest-core\1.3\hamcrest-core-1.3.jar;C:\Users\Dell\.m2\repository\org\hamcrest\hamcrest\2.2\hamcrest-2.2.jar;"/>
    <property name="java.vm.vendor" value="Oracle Corporation"/>
    <property name="sun.arch.data.model" value="64"/>
    <property name="user.variant" value=""/>
    <property name="java.vendor.url" value="https://java.oracle.com/"/>
    <property name="user.timezone" value="Africa/Johannesburg"/>
    <property name="os.name" value="Windows 11"/>
    <property name="java.vm.specification.version" value="17"/>
    <property name="sun.java.launcher" value="SUN_STANDARD"/>
    <property name="user.country" value="US"/>
    <property name="sun.boot.library.path" value="C:\Program Files\Java\jdk-17\bin"/>
    <property name="sun.java.command" value="C:\Users\Dell\AppData\Local\Temp\surefire16425171853610456111\surefirebooter-20240813195943625_3.jar C:\Users\Dell\AppData\Local\Temp\surefire16425171853610456111 2024-08-13T19-59-43_354-jvmRun1 surefire-20240813195943625_1tmp surefire_0-20240813195943625_2tmp"/>
    <property name="jdk.debug" value="release"/>
    <property name="surefire.test.class.path" value="C:\Users\Dell\IdeaProjects\cucumber_test_automation_framework\target\test-classes;C:\Users\Dell\IdeaProjects\cucumber_test_automation_framework\target\classes;C:\Users\Dell\.m2\repository\org\seleniumhq\selenium\selenium-java\4.12.1\selenium-java-4.12.1.jar;C:\Users\Dell\.m2\repository\org\seleniumhq\selenium\selenium-api\4.12.1\selenium-api-4.12.1.jar;C:\Users\Dell\.m2\repository\org\seleniumhq\selenium\selenium-chrome-driver\4.12.1\selenium-chrome-driver-4.12.1.jar;C:\Users\Dell\.m2\repository\com\google\auto\service\auto-service-annotations\1.1.1\auto-service-annotations-1.1.1.jar;C:\Users\Dell\.m2\repository\com\google\guava\guava\32.1.2-jre\guava-32.1.2-jre.jar;C:\Users\Dell\.m2\repository\com\google\guava\failureaccess\1.0.1\failureaccess-1.0.1.jar;C:\Users\Dell\.m2\repository\com\google\guava\listenablefuture\9999.0-empty-to-avoid-conflict-with-guava\listenablefuture-9999.0-empty-to-avoid-conflict-with-guava.jar;C:\Users\Dell\.m2\repository\com\google\code\findbugs\jsr305\3.0.2\jsr305-3.0.2.jar;C:\Users\Dell\.m2\repository\org\checkerframework\checker-qual\3.33.0\checker-qual-3.33.0.jar;C:\Users\Dell\.m2\repository\com\google\errorprone\error_prone_annotations\2.18.0\error_prone_annotations-2.18.0.jar;C:\Users\Dell\.m2\repository\com\google\j2objc\j2objc-annotations\2.8\j2objc-annotations-2.8.jar;C:\Users\Dell\.m2\repository\org\seleniumhq\selenium\selenium-chromium-driver\4.12.1\selenium-chromium-driver-4.12.1.jar;C:\Users\Dell\.m2\repository\org\seleniumhq\selenium\selenium-json\4.12.1\selenium-json-4.12.1.jar;C:\Users\Dell\.m2\repository\org\seleniumhq\selenium\selenium-manager\4.12.1\selenium-manager-4.12.1.jar;C:\Users\Dell\.m2\repository\org\seleniumhq\selenium\selenium-devtools-v114\4.12.1\selenium-devtools-v114-4.12.1.jar;C:\Users\Dell\.m2\repository\org\seleniumhq\selenium\selenium-devtools-v115\4.12.1\selenium-devtools-v115-4.12.1.jar;C:\Users\Dell\.m2\repository\org\seleniumhq\selenium\selenium-devtools-v116\4.12.1\selenium-devtools-v116-4.12.1.jar;C:\Users\Dell\.m2\repository\org\seleniumhq\selenium\selenium-devtools-v85\4.12.1\selenium-devtools-v85-4.12.1.jar;C:\Users\Dell\.m2\repository\org\seleniumhq\selenium\selenium-edge-driver\4.12.1\selenium-edge-driver-4.12.1.jar;C:\Users\Dell\.m2\repository\org\seleniumhq\selenium\selenium-firefox-driver\4.12.1\selenium-firefox-driver-4.12.1.jar;C:\Users\Dell\.m2\repository\org\seleniumhq\selenium\selenium-http\4.12.1\selenium-http-4.12.1.jar;C:\Users\Dell\.m2\repository\dev\failsafe\failsafe\3.3.2\failsafe-3.3.2.jar;C:\Users\Dell\.m2\repository\org\seleniumhq\selenium\selenium-ie-driver\4.12.1\selenium-ie-driver-4.12.1.jar;C:\Users\Dell\.m2\repository\org\seleniumhq\selenium\selenium-remote-driver\4.12.1\selenium-remote-driver-4.12.1.jar;C:\Users\Dell\.m2\repository\io\netty\netty-buffer\4.1.96.Final\netty-buffer-4.1.96.Final.jar;C:\Users\Dell\.m2\repository\io\netty\netty-codec-http\4.1.96.Final\netty-codec-http-4.1.96.Final.jar;C:\Users\Dell\.m2\repository\io\netty\netty-codec\4.1.96.Final\netty-codec-4.1.96.Final.jar;C:\Users\Dell\.m2\repository\io\netty\netty-handler\4.1.96.Final\netty-handler-4.1.96.Final.jar;C:\Users\Dell\.m2\repository\io\netty\netty-common\4.1.96.Final\netty-common-4.1.96.Final.jar;C:\Users\Dell\.m2\repository\io\netty\netty-transport-classes-epoll\4.1.96.Final\netty-transport-classes-epoll-4.1.96.Final.jar;C:\Users\Dell\.m2\repository\io\netty\netty-transport-classes-kqueue\4.1.96.Final\netty-transport-classes-kqueue-4.1.96.Final.jar;C:\Users\Dell\.m2\repository\io\netty\netty-transport-native-epoll\4.1.96.Final\netty-transport-native-epoll-4.1.96.Final.jar;C:\Users\Dell\.m2\repository\io\netty\netty-transport-native-kqueue\4.1.96.Final\netty-transport-native-kqueue-4.1.96.Final.jar;C:\Users\Dell\.m2\repository\io\netty\netty-transport-native-unix-common\4.1.96.Final\netty-transport-native-unix-common-4.1.96.Final.jar;C:\Users\Dell\.m2\repository\io\netty\netty-transport\4.1.96.Final\netty-transport-4.1.96.Final.jar;C:\Users\Dell\.m2\repository\io\netty\netty-resolver\4.1.96.Final\netty-resolver-4.1.96.Final.jar;C:\Users\Dell\.m2\repository\io\opentelemetry\opentelemetry-api\1.28.0\opentelemetry-api-1.28.0.jar;C:\Users\Dell\.m2\repository\io\opentelemetry\opentelemetry-context\1.28.0\opentelemetry-context-1.28.0.jar;C:\Users\Dell\.m2\repository\io\opentelemetry\opentelemetry-exporter-logging\1.28.0\opentelemetry-exporter-logging-1.28.0.jar;C:\Users\Dell\.m2\repository\io\opentelemetry\opentelemetry-sdk-metrics\1.28.0\opentelemetry-sdk-metrics-1.28.0.jar;C:\Users\Dell\.m2\repository\io\opentelemetry\opentelemetry-extension-incubator\1.28.0-alpha\opentelemetry-extension-incubator-1.28.0-alpha.jar;C:\Users\Dell\.m2\repository\io\opentelemetry\opentelemetry-sdk-logs\1.28.0\opentelemetry-sdk-logs-1.28.0.jar;C:\Users\Dell\.m2\repository\io\opentelemetry\opentelemetry-sdk-common\1.28.0\opentelemetry-sdk-common-1.28.0.jar;C:\Users\Dell\.m2\repository\io\opentelemetry\opentelemetry-sdk-extension-autoconfigure-spi\1.28.0\opentelemetry-sdk-extension-autoconfigure-spi-1.28.0.jar;C:\Users\Dell\.m2\repository\io\opentelemetry\opentelemetry-sdk-extension-autoconfigure\1.28.0\opentelemetry-sdk-extension-autoconfigure-1.28.0.jar;C:\Users\Dell\.m2\repository\io\opentelemetry\opentelemetry-api-events\1.28.0-alpha\opentelemetry-api-events-1.28.0-alpha.jar;C:\Users\Dell\.m2\repository\io\opentelemetry\opentelemetry-sdk-trace\1.28.0\opentelemetry-sdk-trace-1.28.0.jar;C:\Users\Dell\.m2\repository\io\opentelemetry\opentelemetry-sdk\1.28.0\opentelemetry-sdk-1.28.0.jar;C:\Users\Dell\.m2\repository\io\opentelemetry\opentelemetry-semconv\1.28.0-alpha\opentelemetry-semconv-1.28.0-alpha.jar;C:\Users\Dell\.m2\repository\net\bytebuddy\byte-buddy\1.14.5\byte-buddy-1.14.5.jar;C:\Users\Dell\.m2\repository\org\asynchttpclient\async-http-client\2.12.3\async-http-client-2.12.3.jar;C:\Users\Dell\.m2\repository\org\asynchttpclient\async-http-client-netty-utils\2.12.3\async-http-client-netty-utils-2.12.3.jar;C:\Users\Dell\.m2\repository\io\netty\netty-codec-socks\4.1.60.Final\netty-codec-socks-4.1.60.Final.jar;C:\Users\Dell\.m2\repository\io\netty\netty-handler-proxy\4.1.60.Final\netty-handler-proxy-4.1.60.Final.jar;C:\Users\Dell\.m2\repository\io\netty\netty-transport-native-epoll\4.1.60.Final\netty-transport-native-epoll-4.1.60.Final-linux-x86_64.jar;C:\Users\Dell\.m2\repository\io\netty\netty-transport-native-kqueue\4.1.60.Final\netty-transport-native-kqueue-4.1.60.Final-osx-x86_64.jar;C:\Users\Dell\.m2\repository\org\reactivestreams\reactive-streams\1.0.3\reactive-streams-1.0.3.jar;C:\Users\Dell\.m2\repository\com\typesafe\netty\netty-reactive-streams\2.0.4\netty-reactive-streams-2.0.4.jar;C:\Users\Dell\.m2\repository\org\slf4j\slf4j-api\1.7.30\slf4j-api-1.7.30.jar;C:\Users\Dell\.m2\repository\com\sun\activation\jakarta.activation\1.2.2\jakarta.activation-1.2.2.jar;C:\Users\Dell\.m2\repository\org\seleniumhq\selenium\selenium-os\4.12.1\selenium-os-4.12.1.jar;C:\Users\Dell\.m2\repository\org\apache\commons\commons-exec\1.3\commons-exec-1.3.jar;C:\Users\Dell\.m2\repository\org\seleniumhq\selenium\selenium-safari-driver\4.12.1\selenium-safari-driver-4.12.1.jar;C:\Users\Dell\.m2\repository\org\seleniumhq\selenium\selenium-support\4.12.1\selenium-support-4.12.1.jar;C:\Users\Dell\.m2\repository\io\cucumber\cucumber-java\7.18.1\cucumber-java-7.18.1.jar;C:\Users\Dell\.m2\repository\io\cucumber\cucumber-core\7.18.1\cucumber-core-7.18.1.jar;C:\Users\Dell\.m2\repository\io\cucumber\cucumber-gherkin\7.18.1\cucumber-gherkin-7.18.1.jar;C:\Users\Dell\.m2\repository\io\cucumber\cucumber-gherkin-messages\7.18.1\cucumber-gherkin-messages-7.18.1.jar;C:\Users\Dell\.m2\repository\io\cucumber\gherkin\28.0.0\gherkin-28.0.0.jar;C:\Users\Dell\.m2\repository\io\cucumber\messages\24.1.0\messages-24.1.0.jar;C:\Users\Dell\.m2\repository\io\cucumber\testng-xml-formatter\0.2.0\testng-xml-formatter-0.2.0.jar;C:\Users\Dell\.m2\repository\io\cucumber\query\12.2.0\query-12.2.0.jar;C:\Users\Dell\.m2\repository\io\cucumber\tag-expressions\6.1.0\tag-expressions-6.1.0.jar;C:\Users\Dell\.m2\repository\io\cucumber\cucumber-expressions\17.1.0\cucumber-expressions-17.1.0.jar;C:\Users\Dell\.m2\repository\io\cucumber\datatable\7.18.1\datatable-7.18.1.jar;C:\Users\Dell\.m2\repository\io\cucumber\cucumber-plugin\7.18.1\cucumber-plugin-7.18.1.jar;C:\Users\Dell\.m2\repository\io\cucumber\docstring\7.18.1\docstring-7.18.1.jar;C:\Users\Dell\.m2\repository\io\cucumber\html-formatter\21.4.1\html-formatter-21.4.1.jar;C:\Users\Dell\.m2\repository\io\cucumber\junit-xml-formatter\0.5.0\junit-xml-formatter-0.5.0.jar;C:\Users\Dell\.m2\repository\io\cucumber\ci-environment\10.0.1\ci-environment-10.0.1.jar;C:\Users\Dell\.m2\repository\org\apiguardian\apiguardian-api\1.1.2\apiguardian-api-1.1.2.jar;C:\Users\Dell\.m2\repository\io\cucumber\cucumber-picocontainer\7.18.1\cucumber-picocontainer-7.18.1.jar;C:\Users\Dell\.m2\repository\org\picocontainer\picocontainer\2.15\picocontainer-2.15.jar;C:\Users\Dell\.m2\repository\io\cucumber\cucumber-junit\7.18.1\cucumber-junit-7.18.1.jar;C:\Users\Dell\.m2\repository\junit\junit\4.13.2\junit-4.13.2.jar;C:\Users\Dell\.m2\repository\org\hamcrest\hamcrest-core\1.3\hamcrest-core-1.3.jar;C:\Users\Dell\.m2\repository\org\hamcrest\hamcrest\2.2\hamcrest-2.2.jar;"/>
    <property name="sun.cpu.endian" value="little"/>
    <property name="user.home" value="C:\Users\Dell"/>
    <property name="user.language" value="en"/>
    <property name="java.specification.vendor" value="Oracle Corporation"/>
    <property name="java.version.date" value="2024-04-16"/>
    <property name="java.home" value="C:\Program Files\Java\jdk-17"/>
    <property name="file.separator" value="\"/>
    <property name="basedir" value="C:\Users\Dell\IdeaProjects\cucumber_test_automation_framework"/>
    <property name="java.vm.compressedOopsMode" value="Zero based"/>
    <property name="line.separator" value="&#10;"/>
    <property name="java.vm.specification.vendor" value="Oracle Corporation"/>
    <property name="java.specification.name" value="Java Platform API Specification"/>
    <property name="surefire.real.class.path" value="C:\Users\Dell\AppData\Local\Temp\surefire16425171853610456111\surefirebooter-20240813195943625_3.jar"/>
    <property name="user.script" value=""/>
    <property name="sun.management.compiler" value="HotSpot 64-Bit Tiered Compilers"/>
    <property name="java.runtime.version" value="17.0.11+7-LTS-207"/>
    <property name="user.name" value="Dell"/>
    <property name="path.separator" value=";"/>
    <property name="os.version" value="10.0"/>
    <property name="java.runtime.name" value="Java(TM) SE Runtime Environment"/>
    <property name="file.encoding" value="Cp1252"/>
    <property name="java.vm.name" value="Java HotSpot(TM) 64-Bit Server VM"/>
    <property name="localRepository" value="C:\Users\Dell\.m2\repository"/>
    <property name="java.vendor.url.bug" value="https://bugreport.java.com/bugreport/"/>
    <property name="java.io.tmpdir" value="C:\Users\Dell\AppData\Local\Temp\"/>
    <property name="java.version" value="17.0.11"/>
    <property name="user.dir" value="C:\Users\Dell\IdeaProjects\cucumber_test_automation_framework"/>
    <property name="os.arch" value="amd64"/>
    <property name="java.vm.specification.name" value="Java Virtual Machine Specification"/>
    <property name="sun.os.patch.level" value=""/>
    <property name="native.encoding" value="Cp1252"/>
    <property name="java.library.path" value="C:\Program Files\Java\jdk-17\bin;C:\Windows\Sun\Java\bin;C:\Windows\system32;C:\Windows;C:\Program Files\Common Files\Oracle\Java\javapath;C:\Windows\system32;C:\Windows;C:\Windows\System32\Wbem;C:\Windows\System32\WindowsPowerShell\v1.0\;C:\Windows\System32\OpenSSH\;C:\apache-maven-3.9.7\bin;C:\Program Files\Microsoft VS Code\bin;C:\Program Files\nodejs\;C:\Program Files\Git\cmd;C:\Users\Dell\AppData\Local\Microsoft\WindowsApps;C:\Program Files\JetBrains\IntelliJ IDEA Community Edition 2024.1.2\bin;;C:\Users\Dell\AppData\Local\Microsoft\WinGet\Packages\Schniz.fnm_Microsoft.Winget.Source_8wekyb3d8bbwe;C:\Users\Dell\AppData\Roaming\npm;C:\Users\Dell\AppData\Local\Programs\Microsoft VS Code\bin;C:\Program Files\Java\jdk-17\bin;C:\EDIABAS\Bin;;."/>
    <property name="java.vm.info" value="mixed mode, sharing"/>
    <property name="java.vendor" value="Oracle Corporation"/>
    <property name="java.vm.version" value="17.0.11+7-LTS-207"/>
    <property name="sun.io.unicode.encoding" value="UnicodeLittle"/>
    <property name="java.class.version" value="61.0"/>
  </properties>
  <testcase name="User with valid credentials" classname="Login" time="10.909">
    <system-out><![CDATA[
@login @smoke @regression
Scenario: User with valid credentials                   &amp#27;[90m# src/test/resources/features/login.feature:4&amp#27;[0m

    URL https://parabank.parasoft.com/parabank/index.htm

  &amp#27;[32mGiven &amp#27;[0m&amp#27;[32mI have the parabank website URL&amp#27;[0m                 &amp#27;[90m# com.automation.stepdefinitions.LoginStepdefs.iHaveTheParabankWebsiteURL()&amp#27;[0m
  &amp#27;[32mWhen &amp#27;[0m&amp#27;[32mI enter the username as &amp#27;[0m&amp#27;[32m&amp#27;[1m"mavusana"&amp#27;[0m               &amp#27;[90m# com.automation.stepdefinitions.LoginStepdefs.iEnterTheUsernameAs(java.lang.String)&amp#27;[0m
  &amp#27;[32mAnd &amp#27;[0m&amp#27;[32mI enter the password as &amp#27;[0m&amp#27;[32m&amp#27;[1m"kamo"&amp#27;[0m                    &amp#27;[90m# com.automation.stepdefinitions.LoginStepdefs.iEnterThePasswordAs(java.lang.String)&amp#27;[0m
  &amp#27;[32mAnd &amp#27;[0m&amp#27;[32mI click the login button&amp#27;[0m                          &amp#27;[90m# com.automation.stepdefinitions.LoginStepdefs.iClickTheLoginButton()&amp#27;[0m
  &amp#27;[32mThen &amp#27;[0m&amp#27;[32mThe system displays the home page&amp#27;[0m                &amp#27;[90m# com.automation.stepdefinitions.LoginStepdefs.theSystemDisplaysTheHomePage()&amp#27;[0m
  &amp#27;[32mAnd &amp#27;[0m&amp#27;[32mthe system displays a message &amp#27;[0m&amp#27;[32m&amp#27;[1m"Welcome Vusi Pelo"&amp#27;[0m &amp#27;[90m# com.automation.stepdefinitions.LoginStepdefs.theSystemDisplaysAMessage(java.lang.String)&amp#27;[0m
]]></system-out>
    <system-err><![CDATA[SLF4J: Failed to load class "org.slf4j.impl.StaticLoggerBinder".
SLF4J: Defaulting to no-operation (NOP) logger implementation
SLF4J: See http://www.slf4j.org/codes.html#StaticLoggerBinder for further details.
Aug 13, 2024 7:59:48 PM org.openqa.selenium.devtools.CdpVersionFinder findNearestMatch
WARNING: Unable to find CDP implementation matching 127
Aug 13, 2024 7:59:48 PM org.openqa.selenium.chromium.ChromiumDriver lambda$new$5
WARNING: Unable to find version of CDP to use for 127.0.6533.100. You may need to include a dependency on a specific version of the CDP using something similar to `org.seleniumhq.selenium:selenium-devtools-v86:4.12.1` where the version ("v86") matches the version of the chromium-based browser you're using and the version number of the artifact is the same as Selenium's.
Aug 13, 2024 7:59:55 PM org.openqa.selenium.remote.http.WebSocket$Listener onError
WARNING: Connection reset
java.net.SocketException: Connection reset
	at java.base/sun.nio.ch.SocketChannelImpl.throwConnectionReset(SocketChannelImpl.java:394)
	at java.base/sun.nio.ch.SocketChannelImpl.read(SocketChannelImpl.java:426)
	at io.netty.buffer.PooledByteBuf.setBytes(PooledByteBuf.java:254)
	at io.netty.buffer.AbstractByteBuf.writeBytes(AbstractByteBuf.java:1132)
	at io.netty.channel.socket.nio.NioSocketChannel.doReadBytes(NioSocketChannel.java:357)
	at io.netty.channel.nio.AbstractNioByteChannel$NioByteUnsafe.read(AbstractNioByteChannel.java:151)
	at io.netty.channel.nio.NioEventLoop.processSelectedKey(NioEventLoop.java:788)
	at io.netty.channel.nio.NioEventLoop.processSelectedKeysOptimized(NioEventLoop.java:724)
	at io.netty.channel.nio.NioEventLoop.processSelectedKeys(NioEventLoop.java:650)
	at io.netty.channel.nio.NioEventLoop.run(NioEventLoop.java:562)
	at io.netty.util.concurrent.SingleThreadEventExecutor$4.run(SingleThreadEventExecutor.java:997)
	at io.netty.util.internal.ThreadExecutorMap$2.run(ThreadExecutorMap.java:74)
	at io.netty.util.concurrent.FastThreadLocalRunnable.run(FastThreadLocalRunnable.java:30)
	at java.base/java.lang.Thread.run(Thread.java:842)

]]></system-err>
  </testcase>
  <testcase name="User with invalid credentials" classname="Login" time="8.946">
    <failure message="&#10;Expected: is &quot;ParaBank | Accounts Overview&quot;&#10;     but: was &quot;ParaBank | Error&quot;" type="java.lang.AssertionError"><![CDATA[java.lang.AssertionError: 

Expected: is "ParaBank | Accounts Overview"
     but: was "ParaBank | Error"
	at org.hamcrest.MatcherAssert.assertThat(MatcherAssert.java:20)
	at org.hamcrest.MatcherAssert.assertThat(MatcherAssert.java:8)
	at com.automation.stepdefinitions.LoginStepdefs.theSystemDisplaysTheHomePage(LoginStepdefs.java:57)
	at ✽.The system displays the home page(file:///C:/Users/Dell/IdeaProjects/cucumber_test_automation_framework/src/test/resources/features/login.feature:18)
]]></failure>
    <system-out><![CDATA[
@login @smoke @regression
Scenario: User with invalid credentials                 &amp#27;[90m# src/test/resources/features/login.feature:13&amp#27;[0m

    URL https://parabank.parasoft.com/parabank/index.htm

  &amp#27;[32mGiven &amp#27;[0m&amp#27;[32mI have the parabank website URL&amp#27;[0m                 &amp#27;[90m# com.automation.stepdefinitions.LoginStepdefs.iHaveTheParabankWebsiteURL()&amp#27;[0m
  &amp#27;[32mWhen &amp#27;[0m&amp#27;[32mI enter the username as &amp#27;[0m&amp#27;[32m&amp#27;[1m"mavusana"&amp#27;[0m               &amp#27;[90m# com.automation.stepdefinitions.LoginStepdefs.iEnterTheUsernameAs(java.lang.String)&amp#27;[0m
  &amp#27;[32mAnd &amp#27;[0m&amp#27;[32mI enter the password as &amp#27;[0m&amp#27;[32m&amp#27;[1m"tele"&amp#27;[0m                    &amp#27;[90m# com.automation.stepdefinitions.LoginStepdefs.iEnterThePasswordAs(java.lang.String)&amp#27;[0m
  &amp#27;[32mAnd &amp#27;[0m&amp#27;[32mI click the login button&amp#27;[0m                          &amp#27;[90m# com.automation.stepdefinitions.LoginStepdefs.iClickTheLoginButton()&amp#27;[0m
  &amp#27;[31mThen &amp#27;[0m&amp#27;[31mThe system displays the home page&amp#27;[0m                &amp#27;[90m# com.automation.stepdefinitions.LoginStepdefs.theSystemDisplaysTheHomePage()&amp#27;[0m
      &amp#27;[31mjava.lang.AssertionError: 
Expected: is "ParaBank | Accounts Overview"
     but: was "ParaBank | Error"
	at org.hamcrest.MatcherAssert.assertThat(MatcherAssert.java:20)
	at org.hamcrest.MatcherAssert.assertThat(MatcherAssert.java:8)
	at com.automation.stepdefinitions.LoginStepdefs.theSystemDisplaysTheHomePage(LoginStepdefs.java:57)
	at âœ½.The system displays the home page(file:///C:/Users/Dell/IdeaProjects/cucumber_test_automation_framework/src/test/resources/features/login.feature:18)
&amp#27;[0m
  &amp#27;[36mAnd &amp#27;[0m&amp#27;[36mthe system displays a message &amp#27;[0m&amp#27;[36m&amp#27;[1m"welcome Vusi Pelo"&amp#27;[0m &amp#27;[90m# com.automation.stepdefinitions.LoginStepdefs.theSystemDisplaysAMessage(java.lang.String)&amp#27;[0m
]]></system-out>
    <system-err><![CDATA[Aug 13, 2024 7:59:58 PM org.openqa.selenium.devtools.CdpVersionFinder findNearestMatch
WARNING: Unable to find CDP implementation matching 127
Aug 13, 2024 7:59:58 PM org.openqa.selenium.chromium.ChromiumDriver lambda$new$5
WARNING: Unable to find version of CDP to use for 127.0.6533.100. You may need to include a dependency on a specific version of the CDP using something similar to `org.seleniumhq.selenium:selenium-devtools-v86:4.12.1` where the version ("v86") matches the version of the chromium-based browser you're using and the version number of the artifact is the same as Selenium's.
Aug 13, 2024 8:00:04 PM org.openqa.selenium.remote.http.WebSocket$Listener onError
WARNING: Connection reset
java.net.SocketException: Connection reset
	at java.base/sun.nio.ch.SocketChannelImpl.throwConnectionReset(SocketChannelImpl.java:394)
	at java.base/sun.nio.ch.SocketChannelImpl.read(SocketChannelImpl.java:426)
	at io.netty.buffer.PooledByteBuf.setBytes(PooledByteBuf.java:254)
	at io.netty.buffer.AbstractByteBuf.writeBytes(AbstractByteBuf.java:1132)
	at io.netty.channel.socket.nio.NioSocketChannel.doReadBytes(NioSocketChannel.java:357)
	at io.netty.channel.nio.AbstractNioByteChannel$NioByteUnsafe.read(AbstractNioByteChannel.java:151)
	at io.netty.channel.nio.NioEventLoop.processSelectedKey(NioEventLoop.java:788)
	at io.netty.channel.nio.NioEventLoop.processSelectedKeysOptimized(NioEventLoop.java:724)
	at io.netty.channel.nio.NioEventLoop.processSelectedKeys(NioEventLoop.java:650)
	at io.netty.channel.nio.NioEventLoop.run(NioEventLoop.java:562)
	at io.netty.util.concurrent.SingleThreadEventExecutor$4.run(SingleThreadEventExecutor.java:997)
	at io.netty.util.internal.ThreadExecutorMap$2.run(ThreadExecutorMap.java:74)
	at io.netty.util.concurrent.FastThreadLocalRunnable.run(FastThreadLocalRunnable.java:30)
	at java.base/java.lang.Thread.run(Thread.java:842)

]]></system-err>
  </testcase>
  <testcase name="" classname="Register user" time="4.481">
    <error message="The step &apos;I am on the parabank website landing page&apos; and 14 other step(s) are undefined.&#10;You can implement these steps using the snippet(s) below:&#10;&#10;@Given(&quot;I am on the parabank website landing page&quot;)&#10;public void i_am_on_the_parabank_website_landing_page() {&#10;    // Write code here that turns the phrase above into concrete actions&#10;    throw new io.cucumber.java.PendingException();&#10;}&#10;@When(&quot;I click the register link&quot;)&#10;public void i_click_the_register_link() {&#10;    // Write code here that turns the phrase above into concrete actions&#10;    throw new io.cucumber.java.PendingException();&#10;}&#10;@When(&quot;I enter firstname as {string}&quot;)&#10;public void i_enter_firstname_as(String string) {&#10;    // Write code here that turns the phrase above into concrete actions&#10;    throw new io.cucumber.java.PendingException();&#10;}&#10;@When(&quot;I enter lastname as {string}&quot;)&#10;public void i_enter_lastname_as(String string) {&#10;    // Write code here that turns the phrase above into concrete actions&#10;    throw new io.cucumber.java.PendingException();&#10;}&#10;@When(&quot;I enter address as {string}&quot;)&#10;public void i_enter_address_as(String string) {&#10;    // Write code here that turns the phrase above into concrete actions&#10;    throw new io.cucumber.java.PendingException();&#10;}&#10;@When(&quot;I enter city as {string}&quot;)&#10;public void i_enter_city_as(String string) {&#10;    // Write code here that turns the phrase above into concrete actions&#10;    throw new io.cucumber.java.PendingException();&#10;}&#10;@When(&quot;I enter state as {string}&quot;)&#10;public void i_enter_state_as(String string) {&#10;    // Write code here that turns the phrase above into concrete actions&#10;    throw new io.cucumber.java.PendingException();&#10;}&#10;@When(&quot;I enter zipcode as {string}&quot;)&#10;public void i_enter_zipcode_as(String string) {&#10;    // Write code here that turns the phrase above into concrete actions&#10;    throw new io.cucumber.java.PendingException();&#10;}&#10;@When(&quot;I enter phone as {string}&quot;)&#10;public void i_enter_phone_as(String string) {&#10;    // Write code here that turns the phrase above into concrete actions&#10;    throw new io.cucumber.java.PendingException();&#10;}&#10;@When(&quot;I enter ssn as {string}&quot;)&#10;public void i_enter_ssn_as(String string) {&#10;    // Write code here that turns the phrase above into concrete actions&#10;    throw new io.cucumber.java.PendingException();&#10;}&#10;@When(&quot;I enter username as {string}&quot;)&#10;public void i_enter_username_as(String string) {&#10;    // Write code here that turns the phrase above into concrete actions&#10;    throw new io.cucumber.java.PendingException();&#10;}&#10;@When(&quot;I enter password as {string}&quot;)&#10;public void i_enter_password_as(String string) {&#10;    // Write code here that turns the phrase above into concrete actions&#10;    throw new io.cucumber.java.PendingException();&#10;}&#10;@When(&quot;I enter confirm as {string}&quot;)&#10;public void i_enter_confirm_as(String string) {&#10;    // Write code here that turns the phrase above into concrete actions&#10;    throw new io.cucumber.java.PendingException();&#10;}&#10;@Then(&quot;I click the register button&quot;)&#10;public void i_click_the_register_button() {&#10;    // Write code here that turns the phrase above into concrete actions&#10;    throw new io.cucumber.java.PendingException();&#10;}&#10;@Then(&quot;the system confirms the registration&quot;)&#10;public void the_system_confirms_the_registration() {&#10;    // Write code here that turns the phrase above into concrete actions&#10;    throw new io.cucumber.java.PendingException();&#10;}&#10;" type="io.cucumber.junit.UndefinedStepException"><![CDATA[io.cucumber.junit.UndefinedStepException: 
The step 'I am on the parabank website landing page' and 14 other step(s) are undefined.
You can implement these steps using the snippet(s) below:

@Given("I am on the parabank website landing page")
public void i_am_on_the_parabank_website_landing_page() {
    // Write code here that turns the phrase above into concrete actions
    throw new io.cucumber.java.PendingException();
}
@When("I click the register link")
public void i_click_the_register_link() {
    // Write code here that turns the phrase above into concrete actions
    throw new io.cucumber.java.PendingException();
}
@When("I enter firstname as {string}")
public void i_enter_firstname_as(String string) {
    // Write code here that turns the phrase above into concrete actions
    throw new io.cucumber.java.PendingException();
}
@When("I enter lastname as {string}")
public void i_enter_lastname_as(String string) {
    // Write code here that turns the phrase above into concrete actions
    throw new io.cucumber.java.PendingException();
}
@When("I enter address as {string}")
public void i_enter_address_as(String string) {
    // Write code here that turns the phrase above into concrete actions
    throw new io.cucumber.java.PendingException();
}
@When("I enter city as {string}")
public void i_enter_city_as(String string) {
    // Write code here that turns the phrase above into concrete actions
    throw new io.cucumber.java.PendingException();
}
@When("I enter state as {string}")
public void i_enter_state_as(String string) {
    // Write code here that turns the phrase above into concrete actions
    throw new io.cucumber.java.PendingException();
}
@When("I enter zipcode as {string}")
public void i_enter_zipcode_as(String string) {
    // Write code here that turns the phrase above into concrete actions
    throw new io.cucumber.java.PendingException();
}
@When("I enter phone as {string}")
public void i_enter_phone_as(String string) {
    // Write code here that turns the phrase above into concrete actions
    throw new io.cucumber.java.PendingException();
}
@When("I enter ssn as {string}")
public void i_enter_ssn_as(String string) {
    // Write code here that turns the phrase above into concrete actions
    throw new io.cucumber.java.PendingException();
}
@When("I enter username as {string}")
public void i_enter_username_as(String string) {
    // Write code here that turns the phrase above into concrete actions
    throw new io.cucumber.java.PendingException();
}
@When("I enter password as {string}")
public void i_enter_password_as(String string) {
    // Write code here that turns the phrase above into concrete actions
    throw new io.cucumber.java.PendingException();
}
@When("I enter confirm as {string}")
public void i_enter_confirm_as(String string) {
    // Write code here that turns the phrase above into concrete actions
    throw new io.cucumber.java.PendingException();
}
@Then("I click the register button")
public void i_click_the_register_button() {
    // Write code here that turns the phrase above into concrete actions
    throw new io.cucumber.java.PendingException();
}
@Then("the system confirms the registration")
public void the_system_confirms_the_registration() {
    // Write code here that turns the phrase above into concrete actions
    throw new io.cucumber.java.PendingException();
}

]]></error>
    <system-out><![CDATA[
@register @smoke @regression
Scenario Outline:                                 &amp#27;[90m# src/test/resources/features/register.feature:21&amp#27;[0m
  &amp#27;[33mGiven &amp#27;[0m&amp#27;[33mI am on the parabank website landing page&amp#27;[0m
  &amp#27;[36mWhen &amp#27;[0m&amp#27;[36mI click the register link&amp#27;[0m
  &amp#27;[36mAnd &amp#27;[0m&amp#27;[36mI enter firstname as "Vusi"&amp#27;[0m
  &amp#27;[36mAnd &amp#27;[0m&amp#27;[36mI enter lastname as "Pelo"&amp#27;[0m
  &amp#27;[36mAnd &amp#27;[0m&amp#27;[36mI enter address as "78 Primrose"&amp#27;[0m
  &amp#27;[36mAnd &amp#27;[0m&amp#27;[36mI enter city as "Delmoew"&amp#27;[0m
  &amp#27;[36mAnd &amp#27;[0m&amp#27;[36mI enter state as "Home"&amp#27;[0m
  &amp#27;[36mAnd &amp#27;[0m&amp#27;[36mI enter zipcode as "2230"&amp#27;[0m
  &amp#27;[36mAnd &amp#27;[0m&amp#27;[36mI enter phone as "0834083284"&amp#27;[0m
  &amp#27;[36mAnd &amp#27;[0m&amp#27;[36mI enter ssn as "80982309480923"&amp#27;[0m
  &amp#27;[36mAnd &amp#27;[0m&amp#27;[36mI enter username as "masanana"&amp#27;[0m
  &amp#27;[36mAnd &amp#27;[0m&amp#27;[36mI enter password as "kamo"&amp#27;[0m
  &amp#27;[36mAnd &amp#27;[0m&amp#27;[36mI enter confirm as "kamo"&amp#27;[0m
  &amp#27;[36mThen &amp#27;[0m&amp#27;[36mI click the register button&amp#27;[0m
  &amp#27;[36mAnd &amp#27;[0m&amp#27;[36mthe system confirms the registration&amp#27;[0m
]]></system-out>
    <system-err><![CDATA[Aug 13, 2024 8:00:07 PM org.openqa.selenium.devtools.CdpVersionFinder findNearestMatch
WARNING: Unable to find CDP implementation matching 127
Aug 13, 2024 8:00:07 PM org.openqa.selenium.chromium.ChromiumDriver lambda$new$5
WARNING: Unable to find version of CDP to use for 127.0.6533.100. You may need to include a dependency on a specific version of the CDP using something similar to `org.seleniumhq.selenium:selenium-devtools-v86:4.12.1` where the version ("v86") matches the version of the chromium-based browser you're using and the version number of the artifact is the same as Selenium's.
Aug 13, 2024 8:00:09 PM org.openqa.selenium.remote.http.WebSocket$Listener onError
WARNING: Connection reset
java.net.SocketException: Connection reset
	at java.base/sun.nio.ch.SocketChannelImpl.throwConnectionReset(SocketChannelImpl.java:394)
	at java.base/sun.nio.ch.SocketChannelImpl.read(SocketChannelImpl.java:426)
	at io.netty.buffer.PooledByteBuf.setBytes(PooledByteBuf.java:254)
	at io.netty.buffer.AbstractByteBuf.writeBytes(AbstractByteBuf.java:1132)
	at io.netty.channel.socket.nio.NioSocketChannel.doReadBytes(NioSocketChannel.java:357)
	at io.netty.channel.nio.AbstractNioByteChannel$NioByteUnsafe.read(AbstractNioByteChannel.java:151)
	at io.netty.channel.nio.NioEventLoop.processSelectedKey(NioEventLoop.java:788)
	at io.netty.channel.nio.NioEventLoop.processSelectedKeysOptimized(NioEventLoop.java:724)
	at io.netty.channel.nio.NioEventLoop.processSelectedKeys(NioEventLoop.java:650)
	at io.netty.channel.nio.NioEventLoop.run(NioEventLoop.java:562)
	at io.netty.util.concurrent.SingleThreadEventExecutor$4.run(SingleThreadEventExecutor.java:997)
	at io.netty.util.internal.ThreadExecutorMap$2.run(ThreadExecutorMap.java:74)
	at io.netty.util.concurrent.FastThreadLocalRunnable.run(FastThreadLocalRunnable.java:30)
	at java.base/java.lang.Thread.run(Thread.java:842)

]]></system-err>
  </testcase>
</testsuite>