<?xml version="1.0" encoding="UTF-8"?>
<!-- Generated by org.testng.reporters.JUnitReportReporter -->
<testsuite hostname="DESKTOP-LFUACT4" failures="2" tests="2" name="TestRunnerTestng" time="20.793" errors="0" timestamp="2024-08-29T20:02:28 SAST" skipped="0">
  <testcase classname="TestRunnerTestng" name="runScenario" time="11.712">
    <failure message="
Expected: is &quot;https://parabank.parasoft.com/parabank/index.htm&quot;
     but: was &quot;https://www.facebook.com/&quot;" type="java.lang.AssertionError">
      <![CDATA[java.lang.AssertionError: 
Expected: is "https://parabank.parasoft.com/parabank/index.htm"
     but: was "https://www.facebook.com/"
at org.hamcrest.MatcherAssert.assertThat(MatcherAssert.java:20)
at org.hamcrest.MatcherAssert.assertThat(MatcherAssert.java:6)
at com.automation.stepdefinitions.LoginStepdefs.iHaveTheParabankWebsiteURL(LoginStepdefs.java:36)
at ✽.I have the parabank website URL(file:///C:/Users/Dell/IdeaProjects/cucumber_test_automation_framework/src/test/resources/features/login.feature:5)
]]>
    </failure>
  </testcase> <!-- runScenario -->
  <testcase classname="TestRunnerTestng" name="runScenario" time="9.081">
    <failure message="
Expected: is &quot;https://parabank.parasoft.com/parabank/index.htm&quot;
     but: was &quot;https://www.facebook.com/&quot;" type="java.lang.AssertionError">
      <![CDATA[java.lang.AssertionError: 
Expected: is "https://parabank.parasoft.com/parabank/index.htm"
     but: was "https://www.facebook.com/"
at org.hamcrest.MatcherAssert.assertThat(MatcherAssert.java:20)
at org.hamcrest.MatcherAssert.assertThat(MatcherAssert.java:6)
at com.automation.stepdefinitions.LoginStepdefs.iHaveTheParabankWebsiteURL(LoginStepdefs.java:36)
at ✽.I have the parabank website URL(file:///C:/Users/Dell/IdeaProjects/cucumber_test_automation_framework/src/test/resources/features/login.feature:14)
]]>
    </failure>
  </testcase> <!-- runScenario -->
</testsuite> <!-- TestRunnerTestng -->
